<?xml version="1.0" encoding="UTF-8" ?>
<testsuite tests="4" failures="0" name="com.soecode.lyf.web.BookControllerTest" time="0.451" errors="0" skipped="0">
  <properties>
[...]
</properties>
  <testcase classname="com.soecode.lyf.web.BookControllerTest" name="notExistDetail" time="0.254"/>
  <testcase classname="com.soecode.lyf.web.BookControllerTest" name="appointTest" time="0.132"/>
  <testcase classname="com.soecode.lyf.web.BookControllerTest" name="list" time="0.036"/>
  <testcase classname="com.soecode.lyf.web.BookControllerTest" name="existDetail" time="0.029"/>
</testsuite>